23 Nov 03:58:48 CONFIG [geoserver.logging] - Log4j 2 configuration set to DEFAULT_LOGGING.xml
23 Nov 03:58:53 CONFIG [org.geoserver] - GeoServer configuration lock is enabled
23 Nov 03:58:53 CONFIG [org.geoserver] - Loading catalog /opt/geoserver/data_dir
23 Nov 03:58:53 WARN   [org.geoserver] - No 'workspaces' directory found, unable to load any stores.
23 Nov 03:58:53 CONFIG [org.geoserver] - Read catalog in 8.654 ms
23 Nov 03:58:54 CONFIG [org.geoserver] - Loaded service 'WMTSInfoImpl--6c7fde3a:184a2a37c80:-7ffb', enabled
23 Nov 03:58:54 CONFIG [org.geoserver] - Loaded service 'csw', enabled
23 Nov 03:58:54 CONFIG [org.geoserver] - Loaded service 'WMSInfoImpl--6c7fde3a:184a2a37c80:-7ffa', enabled
23 Nov 03:58:54 CONFIG [org.geoserver] - Loaded service 'WCSInfoImpl--6c7fde3a:184a2a37c80:-7ff9', enabled
23 Nov 03:58:54 CONFIG [org.geoserver] - Loaded service 'WPSInfoImpl--6c7fde3a:184a2a37c80:-7ff8', enabled
23 Nov 03:58:54 CONFIG [org.geoserver] - Loaded service 'WFSInfoImpl--6c7fde3a:184a2a37c80:-7ff7', enabled
23 Nov 03:58:54 CONFIG [gwc.config] - Will look for 'geowebcache.xml' in directory '/opt/geoserver/data_dir/gwc'.
23 Nov 03:58:54 CONFIG [gwc.config] - Create configuration file '/opt/geoserver/data_dir/gwc/geowebcache.xml' from template jar:file:/usr/local/tomcat/webapps/geoserver/WEB-INF/lib/gwc-core-1.21.2.jar!/geowebcache_empty.xml
23 Nov 03:58:55 WARN   [config.XMLConfiguration] - GWC configuration validation error: cvc-elt.1.a: Cannot find the declaration of element 'gwcConfiguration'.
23 Nov 03:58:55 WARN   [config.XMLConfiguration] - Will try to use configuration anyway. Please check the order of declared elements against the schema.
23 Nov 03:58:55 CONFIG [config.XMLConfiguration] - Initializing GridSets from /opt/geoserver/data_dir/gwc
23 Nov 03:58:55 CONFIG [config.XMLConfiguration] - Initializing layers from /opt/geoserver/data_dir/gwc
23 Nov 03:58:55 CONFIG [gwc.layer] - Initializing GWC configuration based on GeoServer's Catalog
23 Nov 03:58:55 CONFIG [gwc.layer] - GeoServer TileLayer store base directory is: gwc-layers
23 Nov 03:58:55 CONFIG [gwc.layer] - Loading tile layers from gwc-layers
23 Nov 03:58:55 CONFIG [gwc.layer] - Loaded 0 tile layers in 5.518 ms
23 Nov 03:58:55 CONFIG [storage.BlobStoreAggregator] - BlobStoreConfiguration /opt/geoserver/data_dir/gwc contained no blob store infos.
23 Nov 03:58:55 CONFIG [storage.DefaultStorageFinder] - Found system environment variableGEOWEBCACHE_CACHE_DIR set to /opt/geoserver/data_dir/gwc, using it as the default prefix.
23 Nov 03:58:55 CONFIG [gwc.config] - Initializing GeoServer specific GWC configuration from gwc-gs.xml
23 Nov 03:58:58 INFO   [flow.config] - Loaded control-flow rule: ows.global=100
23 Nov 03:58:58 INFO   [flow.config] - Loaded control-flow rule: ows.wms.getmap=10
23 Nov 03:58:58 INFO   [flow.config] - Loaded control-flow rule: ows.wfs.getfeature.application/msexcel=4
23 Nov 03:58:58 INFO   [flow.config] - Loaded control-flow rule: user=6
23 Nov 03:58:58 INFO   [flow.config] - Loaded control-flow rule: ows.gwc=16
23 Nov 03:58:58 INFO   [flow.config] - Loaded control-flow rule: user.ows.wps.execute=1000/d;30s
23 Nov 03:58:58 CONFIG [geoserver.flow] - Control-flow active with 6 flow controllers
23 Nov 03:58:59 CONFIG [geowebcache.GeoWebCacheDispatcher] - Invoked setServletPrefix(gwc)
23 Nov 03:58:59 CONFIG [wms.WMSService] - Will NOT recombine tiles for non-tiling clients.
23 Nov 03:58:59 CONFIG [wms.WMSService] - Will proxy requests to backend that are not getmap or getcapabilities.
23 Nov 03:58:59 CONFIG [gwc.config] - Will look for 'geowebcache-diskquota.xml' in directory '/opt/geoserver/data_dir/gwc'.
23 Nov 03:58:59 CONFIG [gwc.config] - Will look for 'geowebcache-diskquota-jdbc.xml' in directory '/opt/geoserver/data_dir/gwc'.
23 Nov 03:58:59 CONFIG [diskquota.ConfigLoader] - Quota config is: /opt/geoserver/data_dir/gwc/geowebcache-diskquota.xml
23 Nov 03:59:00 CONFIG [diskquota.ConfigLoader] - Quota config is: /opt/geoserver/data_dir/gwc/geowebcache-diskquota.xml
23 Nov 03:59:00 CONFIG [diskquota.DiskQuotaMonitor] - Setting up disk quota periodic enforcement task
23 Nov 03:59:00 CONFIG [diskquota.DiskQuotaMonitor] - 0 layers configured with their own quotas. 
23 Nov 03:59:00 CONFIG [diskquota.DiskQuotaMonitor] - 0 layers attached to global quota 20.0 GB
23 Nov 03:59:00 CONFIG [diskquota.DiskQuotaMonitor] - Disk quota periodic enforcement task set up every 5 SECONDS
23 Nov 03:59:02 WARN   [gce.imagemosaic] - Unable to set ordering between tiff readers spi
23 Nov 03:59:07 INFO   [geoserver.monitor] - Monitor extension enabled
23 Nov 03:59:09 WARN   [turbojpeg.TurboJPEGMapResponse] - The turbo jpeg encoder is available for usage
23 Nov 03:59:09 CONFIG [geoserver.wps] - Found 5 bindable processes in GeoServer specific processes
23 Nov 03:59:09 CONFIG [geoserver.wps] - Found 89 bindable processes in Deprecated processes
23 Nov 03:59:09 CONFIG [geoserver.wps] - Blacklisting process vec:GroupCandidateSelection as the input groupingAttributes of type class java.lang.Object cannot be handled
23 Nov 03:59:09 CONFIG [geoserver.wps] - Found 31 bindable processes in Vector processes
23 Nov 03:59:09 CONFIG [geoserver.wps] - Found 48 bindable processes in Geometry processes
23 Nov 03:59:09 CONFIG [geoserver.wps] - Found 1 bindable processes in PolygonLabelProcess
23 Nov 03:59:09 CONFIG [geoserver.wps] - Found 1 bindable processes in geo
23 Nov 03:59:09 CONFIG [geoserver.wps] - Found 1 bindable processes in geo
23 Nov 03:59:09 CONFIG [geoserver.wps] - Blacklisting process ras:ConvolveCoverage as the input kernel of type class javax.media.jai.KernelJAI cannot be handled
23 Nov 03:59:09 CONFIG [geoserver.wps] - Blacklisting process ras:RasterZonalStatistics2 as the input zones of type class java.lang.Object cannot be handled
23 Nov 03:59:09 CONFIG [geoserver.wps] - Blacklisting process ras:RasterZonalStatistics2 as the input nodata of type class it.geosolutions.jaiext.range.Range cannot be handled
23 Nov 03:59:09 CONFIG [geoserver.wps] - Blacklisting process ras:RasterZonalStatistics2 as the input rangeData of type class java.lang.Object cannot be handled
23 Nov 03:59:09 CONFIG [geoserver.wps] - Blacklisting process ras:RasterZonalStatistics2 as the output zonal statistics of type interface java.util.List cannot be handled
23 Nov 03:59:09 CONFIG [geoserver.wps] - Found 18 bindable processes in Raster processes
23 Nov 03:59:13 CONFIG [geoserver.security] - AuthenticationCache Initialized with 1000 Max Entries, 300 seconds idle time, 600 seconds time to live and 3 concurrency level
23 Nov 03:59:13 CONFIG [geoserver.security] - AuthenticationCache Eviction Task created to run every 600 seconds
23 Nov 03:59:13 CONFIG [geoserver.security] - Start reloading user/groups for service named default
23 Nov 03:59:13 CONFIG [geoserver.security] - Reloading user/groups successful for service named default
23 Nov 03:59:14 INFO   [config.XMLConfiguration] - Wrote configuration to /opt/geoserver/data_dir/gwc
23 Nov 04:45:30 CONFIG [geoserver.logging] - Log4j 2 configuration set to DEFAULT_LOGGING.xml
23 Nov 04:45:35 CONFIG [org.geoserver] - GeoServer configuration lock is enabled
23 Nov 04:45:35 CONFIG [org.geoserver] - Loading catalog /opt/geoserver/data_dir
23 Nov 04:45:35 CONFIG [org.geoserver] - Loaded style 'generic'
23 Nov 04:45:35 CONFIG [org.geoserver] - Loaded style 'raster'
23 Nov 04:45:35 CONFIG [org.geoserver] - Loaded style 'polygon'
23 Nov 04:45:35 CONFIG [org.geoserver] - Loaded style 'line'
23 Nov 04:45:35 CONFIG [org.geoserver] - Loaded style 'point'
23 Nov 04:45:35 WARN   [org.geoserver] - No 'workspaces' directory found, unable to load any stores.
23 Nov 04:45:35 CONFIG [org.geoserver] - Read catalog in 101.5 ms
23 Nov 04:45:35 CONFIG [org.geoserver] - Loaded service 'WMTSInfoImpl--557bc347:184a2ce3c15:-8000', enabled
23 Nov 04:45:35 CONFIG [org.geoserver] - Loaded service 'csw', enabled
23 Nov 04:45:35 CONFIG [org.geoserver] - Loaded service 'WMSInfoImpl--557bc347:184a2ce3c15:-7fff', enabled
23 Nov 04:45:35 CONFIG [org.geoserver] - Loaded service 'WCSInfoImpl--557bc347:184a2ce3c15:-7ffe', enabled
23 Nov 04:45:35 CONFIG [org.geoserver] - Loaded service 'WPSInfoImpl--6c7fde3a:184a2a37c80:-7ff8', enabled
23 Nov 04:45:35 CONFIG [org.geoserver] - Loaded service 'WFSInfoImpl--557bc347:184a2ce3c15:-7ffd', enabled
23 Nov 04:45:35 CONFIG [gwc.config] - Will look for 'geowebcache.xml' in directory '/opt/geoserver/data_dir/gwc'.
23 Nov 04:45:36 CONFIG [config.XMLConfiguration] - TileLayerConfiguration file validated fine.
23 Nov 04:45:36 CONFIG [config.XMLConfiguration] - Initializing GridSets from /opt/geoserver/data_dir/gwc
23 Nov 04:45:36 INFO   [config.XMLConfiguration] - Read GridSet InspireCRS84Quad
23 Nov 04:45:36 CONFIG [config.XMLConfiguration] - Initializing layers from /opt/geoserver/data_dir/gwc
23 Nov 04:45:36 CONFIG [gwc.layer] - Initializing GWC configuration based on GeoServer's Catalog
23 Nov 04:45:36 CONFIG [gwc.layer] - GeoServer TileLayer store base directory is: gwc-layers
23 Nov 04:45:36 CONFIG [gwc.layer] - Loading tile layers from gwc-layers
23 Nov 04:45:36 CONFIG [gwc.layer] - Loaded 0 tile layers in 5.270 ms
23 Nov 04:45:36 CONFIG [storage.BlobStoreAggregator] - BlobStoreConfiguration /opt/geoserver/data_dir/gwc contained no blob store infos.
23 Nov 04:45:36 CONFIG [storage.DefaultStorageFinder] - Found system environment variableGEOWEBCACHE_CACHE_DIR set to /opt/geoserver/data_dir/gwc, using it as the default prefix.
23 Nov 04:45:36 CONFIG [gwc.config] - Initializing GeoServer specific GWC configuration from gwc-gs.xml
23 Nov 04:45:39 INFO   [flow.config] - Loaded control-flow rule: ows.global=100
23 Nov 04:45:39 INFO   [flow.config] - Loaded control-flow rule: ows.wms.getmap=10
23 Nov 04:45:39 INFO   [flow.config] - Loaded control-flow rule: ows.wfs.getfeature.application/msexcel=4
23 Nov 04:45:39 INFO   [flow.config] - Loaded control-flow rule: user=6
23 Nov 04:45:39 INFO   [flow.config] - Loaded control-flow rule: ows.gwc=16
23 Nov 04:45:39 INFO   [flow.config] - Loaded control-flow rule: user.ows.wps.execute=1000/d;30s
23 Nov 04:45:39 CONFIG [geoserver.flow] - Control-flow active with 6 flow controllers
23 Nov 04:45:40 CONFIG [geowebcache.GeoWebCacheDispatcher] - Invoked setServletPrefix(gwc)
23 Nov 04:45:40 CONFIG [wms.WMSService] - Will NOT recombine tiles for non-tiling clients.
23 Nov 04:45:40 CONFIG [wms.WMSService] - Will proxy requests to backend that are not getmap or getcapabilities.
23 Nov 04:45:40 CONFIG [gwc.config] - Will look for 'geowebcache-diskquota.xml' in directory '/opt/geoserver/data_dir/gwc'.
23 Nov 04:45:40 CONFIG [gwc.config] - Will look for 'geowebcache-diskquota-jdbc.xml' in directory '/opt/geoserver/data_dir/gwc'.
23 Nov 04:45:40 CONFIG [diskquota.ConfigLoader] - Quota config is: /opt/geoserver/data_dir/gwc/geowebcache-diskquota.xml
23 Nov 04:45:43 CONFIG [diskquota.ConfigLoader] - Quota config is: /opt/geoserver/data_dir/gwc/geowebcache-diskquota.xml
23 Nov 04:45:43 CONFIG [diskquota.DiskQuotaMonitor] - Setting up disk quota periodic enforcement task
23 Nov 04:45:43 CONFIG [diskquota.DiskQuotaMonitor] - 0 layers configured with their own quotas. 
23 Nov 04:45:43 CONFIG [diskquota.DiskQuotaMonitor] - 0 layers attached to global quota 20.0 GB
23 Nov 04:45:43 CONFIG [diskquota.DiskQuotaMonitor] - Disk quota periodic enforcement task set up every 5 SECONDS
23 Nov 04:45:44 WARN   [gce.imagemosaic] - Unable to set ordering between tiff readers spi
23 Nov 04:45:48 INFO   [geoserver.monitor] - Monitor extension enabled
23 Nov 04:45:49 WARN   [turbojpeg.TurboJPEGMapResponse] - The turbo jpeg encoder is available for usage
23 Nov 04:45:50 CONFIG [geoserver.wps] - Found 5 bindable processes in GeoServer specific processes
23 Nov 04:45:50 CONFIG [geoserver.wps] - Found 89 bindable processes in Deprecated processes
23 Nov 04:45:50 CONFIG [geoserver.wps] - Blacklisting process vec:GroupCandidateSelection as the input groupingAttributes of type class java.lang.Object cannot be handled
23 Nov 04:45:50 CONFIG [geoserver.wps] - Found 31 bindable processes in Vector processes
23 Nov 04:45:50 CONFIG [geoserver.wps] - Found 48 bindable processes in Geometry processes
23 Nov 04:45:50 CONFIG [geoserver.wps] - Found 1 bindable processes in PolygonLabelProcess
23 Nov 04:45:50 CONFIG [geoserver.wps] - Found 1 bindable processes in geo
23 Nov 04:45:50 CONFIG [geoserver.wps] - Found 1 bindable processes in geo
23 Nov 04:45:50 CONFIG [geoserver.wps] - Blacklisting process ras:ConvolveCoverage as the input kernel of type class javax.media.jai.KernelJAI cannot be handled
23 Nov 04:45:50 CONFIG [geoserver.wps] - Blacklisting process ras:RasterZonalStatistics2 as the input zones of type class java.lang.Object cannot be handled
23 Nov 04:45:50 CONFIG [geoserver.wps] - Blacklisting process ras:RasterZonalStatistics2 as the input nodata of type class it.geosolutions.jaiext.range.Range cannot be handled
23 Nov 04:45:50 CONFIG [geoserver.wps] - Blacklisting process ras:RasterZonalStatistics2 as the input rangeData of type class java.lang.Object cannot be handled
23 Nov 04:45:50 CONFIG [geoserver.wps] - Blacklisting process ras:RasterZonalStatistics2 as the output zonal statistics of type interface java.util.List cannot be handled
23 Nov 04:45:50 CONFIG [geoserver.wps] - Found 18 bindable processes in Raster processes
23 Nov 04:45:52 CONFIG [geoserver.security] - Start reloading user/groups for service named default
23 Nov 04:45:53 CONFIG [geoserver.security] - Reloading user/groups successful for service named default
23 Nov 04:45:53 CONFIG [geoserver.security] - AuthenticationCache Initialized with 1000 Max Entries, 300 seconds idle time, 600 seconds time to live and 3 concurrency level
23 Nov 04:45:53 CONFIG [geoserver.security] - AuthenticationCache Eviction Task created to run every 600 seconds
23 Nov 06:04:55 CONFIG [geoserver.logging] - Log4j 2 configuration set to DEFAULT_LOGGING.xml
23 Nov 06:05:00 CONFIG [org.geoserver] - GeoServer configuration lock is enabled
23 Nov 06:05:00 CONFIG [org.geoserver] - Loading catalog /opt/geoserver/data_dir
23 Nov 06:05:00 CONFIG [org.geoserver] - Loaded style 'point'
23 Nov 06:05:00 CONFIG [org.geoserver] - Loaded style 'generic'
23 Nov 06:05:00 CONFIG [org.geoserver] - Loaded style 'raster'
23 Nov 06:05:00 CONFIG [org.geoserver] - Loaded style 'polygon'
23 Nov 06:05:00 CONFIG [org.geoserver] - Loaded style 'line'
23 Nov 06:05:00 WARN   [org.geoserver] - No 'workspaces' directory found, unable to load any stores.
23 Nov 06:05:00 CONFIG [org.geoserver] - Read catalog in 123.5 ms
23 Nov 06:05:00 CONFIG [org.geoserver] - Loaded service 'WMTSInfoImpl-298420d:184a316f1cb:-8000', enabled
23 Nov 06:05:00 CONFIG [org.geoserver] - Loaded service 'csw', enabled
23 Nov 06:05:00 CONFIG [org.geoserver] - Loaded service 'WMSInfoImpl-298420d:184a316f1cb:-7fff', enabled
23 Nov 06:05:00 CONFIG [org.geoserver] - Loaded service 'WCSInfoImpl-298420d:184a316f1cb:-7ffe', enabled
23 Nov 06:05:00 CONFIG [org.geoserver] - Loaded service 'WPSInfoImpl--6c7fde3a:184a2a37c80:-7ff8', enabled
23 Nov 06:05:00 CONFIG [org.geoserver] - Loaded service 'WFSInfoImpl-298420d:184a316f1cb:-7ffd', enabled
23 Nov 06:05:00 CONFIG [gwc.config] - Will look for 'geowebcache.xml' in directory '/opt/geoserver/data_dir/gwc'.
23 Nov 06:05:01 CONFIG [config.XMLConfiguration] - TileLayerConfiguration file validated fine.
23 Nov 06:05:01 CONFIG [config.XMLConfiguration] - Initializing GridSets from /opt/geoserver/data_dir/gwc
23 Nov 06:05:01 INFO   [config.XMLConfiguration] - Read GridSet InspireCRS84Quad
23 Nov 06:05:01 CONFIG [config.XMLConfiguration] - Initializing layers from /opt/geoserver/data_dir/gwc
23 Nov 06:05:01 CONFIG [gwc.layer] - Initializing GWC configuration based on GeoServer's Catalog
23 Nov 06:05:01 CONFIG [gwc.layer] - GeoServer TileLayer store base directory is: gwc-layers
23 Nov 06:05:01 CONFIG [gwc.layer] - Loading tile layers from gwc-layers
23 Nov 06:05:01 CONFIG [gwc.layer] - Loaded 0 tile layers in 5.592 ms
23 Nov 06:05:01 CONFIG [storage.BlobStoreAggregator] - BlobStoreConfiguration /opt/geoserver/data_dir/gwc contained no blob store infos.
23 Nov 06:05:01 CONFIG [storage.DefaultStorageFinder] - Found system environment variableGEOWEBCACHE_CACHE_DIR set to /opt/geoserver/data_dir/gwc, using it as the default prefix.
23 Nov 06:05:01 CONFIG [gwc.config] - Initializing GeoServer specific GWC configuration from gwc-gs.xml
23 Nov 06:05:04 INFO   [flow.config] - Loaded control-flow rule: ows.global=100
23 Nov 06:05:04 INFO   [flow.config] - Loaded control-flow rule: ows.wms.getmap=10
23 Nov 06:05:04 INFO   [flow.config] - Loaded control-flow rule: ows.wfs.getfeature.application/msexcel=4
23 Nov 06:05:04 INFO   [flow.config] - Loaded control-flow rule: user=6
23 Nov 06:05:04 INFO   [flow.config] - Loaded control-flow rule: ows.gwc=16
23 Nov 06:05:04 INFO   [flow.config] - Loaded control-flow rule: user.ows.wps.execute=1000/d;30s
23 Nov 06:05:04 CONFIG [geoserver.flow] - Control-flow active with 6 flow controllers
23 Nov 06:05:06 CONFIG [geowebcache.GeoWebCacheDispatcher] - Invoked setServletPrefix(gwc)
23 Nov 06:05:06 CONFIG [wms.WMSService] - Will NOT recombine tiles for non-tiling clients.
23 Nov 06:05:06 CONFIG [wms.WMSService] - Will proxy requests to backend that are not getmap or getcapabilities.
23 Nov 06:05:06 CONFIG [gwc.config] - Will look for 'geowebcache-diskquota.xml' in directory '/opt/geoserver/data_dir/gwc'.
23 Nov 06:05:06 CONFIG [gwc.config] - Will look for 'geowebcache-diskquota-jdbc.xml' in directory '/opt/geoserver/data_dir/gwc'.
23 Nov 06:05:06 CONFIG [diskquota.ConfigLoader] - Quota config is: /opt/geoserver/data_dir/gwc/geowebcache-diskquota.xml
23 Nov 06:05:09 CONFIG [diskquota.ConfigLoader] - Quota config is: /opt/geoserver/data_dir/gwc/geowebcache-diskquota.xml
23 Nov 06:05:09 CONFIG [diskquota.DiskQuotaMonitor] - Setting up disk quota periodic enforcement task
23 Nov 06:05:09 CONFIG [diskquota.DiskQuotaMonitor] - 0 layers configured with their own quotas. 
23 Nov 06:05:09 CONFIG [diskquota.DiskQuotaMonitor] - 0 layers attached to global quota 20.0 GB
23 Nov 06:05:09 CONFIG [diskquota.DiskQuotaMonitor] - Disk quota periodic enforcement task set up every 5 SECONDS
23 Nov 06:05:10 WARN   [gce.imagemosaic] - Unable to set ordering between tiff readers spi
23 Nov 06:05:15 INFO   [geoserver.monitor] - Monitor extension enabled
23 Nov 06:05:17 WARN   [turbojpeg.TurboJPEGMapResponse] - The turbo jpeg encoder is available for usage
23 Nov 06:05:17 CONFIG [geoserver.wps] - Found 5 bindable processes in GeoServer specific processes
23 Nov 06:05:18 CONFIG [geoserver.wps] - Found 89 bindable processes in Deprecated processes
23 Nov 06:05:18 CONFIG [geoserver.wps] - Blacklisting process vec:GroupCandidateSelection as the input groupingAttributes of type class java.lang.Object cannot be handled
23 Nov 06:05:18 CONFIG [geoserver.wps] - Found 31 bindable processes in Vector processes
23 Nov 06:05:18 CONFIG [geoserver.wps] - Found 48 bindable processes in Geometry processes
23 Nov 06:05:18 CONFIG [geoserver.wps] - Found 1 bindable processes in PolygonLabelProcess
23 Nov 06:05:18 CONFIG [geoserver.wps] - Found 1 bindable processes in geo
23 Nov 06:05:18 CONFIG [geoserver.wps] - Found 1 bindable processes in geo
23 Nov 06:05:18 CONFIG [geoserver.wps] - Blacklisting process ras:ConvolveCoverage as the input kernel of type class javax.media.jai.KernelJAI cannot be handled
23 Nov 06:05:18 CONFIG [geoserver.wps] - Blacklisting process ras:RasterZonalStatistics2 as the input zones of type class java.lang.Object cannot be handled
23 Nov 06:05:18 CONFIG [geoserver.wps] - Blacklisting process ras:RasterZonalStatistics2 as the input nodata of type class it.geosolutions.jaiext.range.Range cannot be handled
23 Nov 06:05:18 CONFIG [geoserver.wps] - Blacklisting process ras:RasterZonalStatistics2 as the input rangeData of type class java.lang.Object cannot be handled
23 Nov 06:05:18 CONFIG [geoserver.wps] - Blacklisting process ras:RasterZonalStatistics2 as the output zonal statistics of type interface java.util.List cannot be handled
23 Nov 06:05:18 CONFIG [geoserver.wps] - Found 18 bindable processes in Raster processes
23 Nov 06:05:21 CONFIG [geoserver.security] - Start reloading user/groups for service named default
23 Nov 06:05:21 CONFIG [geoserver.security] - Reloading user/groups successful for service named default
23 Nov 06:05:21 CONFIG [geoserver.security] - AuthenticationCache Initialized with 1000 Max Entries, 300 seconds idle time, 600 seconds time to live and 3 concurrency level
23 Nov 06:05:21 CONFIG [geoserver.security] - AuthenticationCache Eviction Task created to run every 600 seconds
